0 info it worked if it ends with ok
1 verbose cli [ 'node', '/usr/bin/npm', 'install', 'http-status' ]
2 info using npm@1.3.12
3 info using node@v0.10.21
4 verbose node symlink /usr/bin/node
5 verbose readDependencies using package.json deps
6 verbose cache add [ 'http-status@0.1.1', null ]
7 verbose cache add name=undefined spec="http-status@0.1.1" args=["http-status@0.1.1",null]
8 verbose parsed url { protocol: null,
8 verbose parsed url   slashes: null,
8 verbose parsed url   auth: null,
8 verbose parsed url   host: null,
8 verbose parsed url   port: null,
8 verbose parsed url   hostname: null,
8 verbose parsed url   hash: null,
8 verbose parsed url   search: null,
8 verbose parsed url   query: null,
8 verbose parsed url   pathname: 'http-status@0.1.1',
8 verbose parsed url   path: 'http-status@0.1.1',
8 verbose parsed url   href: 'http-status@0.1.1' }
9 verbose cache add name="http-status" spec="0.1.1" args=["http-status","0.1.1"]
10 verbose parsed url { protocol: null,
10 verbose parsed url   slashes: null,
10 verbose parsed url   auth: null,
10 verbose parsed url   host: null,
10 verbose parsed url   port: null,
10 verbose parsed url   hostname: null,
10 verbose parsed url   hash: null,
10 verbose parsed url   search: null,
10 verbose parsed url   query: null,
10 verbose parsed url   pathname: '0.1.1',
10 verbose parsed url   path: '0.1.1',
10 verbose parsed url   href: '0.1.1' }
11 verbose addNamed [ 'http-status', '0.1.1' ]
12 verbose addNamed [ '0.1.1', '0.1.1' ]
13 silly lockFile 1279f4b7-http-status-0-1-1 http-status@0.1.1
14 verbose lock http-status@0.1.1 /home/daymos/.npm/1279f4b7-http-status-0-1-1.lock
15 verbose url raw http-status/0.1.1
16 verbose url resolving [ 'https://registry.npmjs.org/', './http-status/0.1.1' ]
17 verbose url resolved https://registry.npmjs.org/http-status/0.1.1
18 info trying registry request attempt 1 at 13:49:16
19 http GET https://registry.npmjs.org/http-status/0.1.1
20 http 200 https://registry.npmjs.org/http-status/0.1.1
21 silly registry.get cb [ 200,
21 silly registry.get   { date: 'Sun, 02 Feb 2014 12:49:19 GMT',
21 silly registry.get     server: 'CouchDB/1.5.0 (Erlang OTP/R16B)',
21 silly registry.get     etag: '"94KWWC2Q87DOK0306GV9I3I5Y"',
21 silly registry.get     'content-type': 'application/json',
21 silly registry.get     via: '1.1 varnish',
21 silly registry.get     'cache-control': 'max-age=1',
21 silly registry.get     'content-length': '724',
21 silly registry.get     'accept-ranges': 'bytes',
21 silly registry.get     age: '0',
21 silly registry.get     'x-served-by': 'cache-v43-ASH, cache-fra1226-FRA',
21 silly registry.get     'x-cache': 'MISS, MISS',
21 silly registry.get     'x-cache-hits': '0, 0',
21 silly registry.get     'x-timer': 'S1391345359.162145853,VS0,VS45,VE64,VE119',
21 silly registry.get     vary: 'Accept',
21 silly registry.get     'keep-alive': 'timeout=10, max=50',
21 silly registry.get     connection: 'Keep-Alive' } ]
22 silly lockFile f2cede85-ttp-status-http-status-0-1-1-tgz https://registry.npmjs.org/http-status/-/http-status-0.1.1.tgz
23 verbose lock https://registry.npmjs.org/http-status/-/http-status-0.1.1.tgz /home/daymos/.npm/f2cede85-ttp-status-http-status-0-1-1-tgz.lock
24 verbose addRemoteTarball [ 'https://registry.npmjs.org/http-status/-/http-status-0.1.1.tgz',
24 verbose addRemoteTarball   '4393ebba9ed4ad18777abf42c0897abc2be4b7fb' ]
25 silly lockFile f2cede85-ttp-status-http-status-0-1-1-tgz https://registry.npmjs.org/http-status/-/http-status-0.1.1.tgz
26 silly lockFile f2cede85-ttp-status-http-status-0-1-1-tgz https://registry.npmjs.org/http-status/-/http-status-0.1.1.tgz
27 silly lockFile 1279f4b7-http-status-0-1-1 http-status@0.1.1
28 silly lockFile 1279f4b7-http-status-0-1-1 http-status@0.1.1
29 error Error: EACCES, mkdir '/home/daymos/tmp/npm-11501-LmpoZAC8'
29 error  { [Error: EACCES, mkdir '/home/daymos/tmp/npm-11501-LmpoZAC8']
29 error   errno: 3,
29 error   code: 'EACCES',
29 error   path: '/home/daymos/tmp/npm-11501-LmpoZAC8' }
30 error Please try running this command again as root/Administrator.
31 error System Linux 3.8.0-35-generic
32 error command "node" "/usr/bin/npm" "install" "http-status"
33 error cwd /home/daymos/imake
34 error node -v v0.10.21
35 error npm -v 1.3.12
36 error path /home/daymos/tmp/npm-11501-LmpoZAC8
37 error code EACCES
38 error errno 3
39 error stack Error: EACCES, mkdir '/home/daymos/tmp/npm-11501-LmpoZAC8'
40 verbose exit [ 3, true ]
